build/app/intermediates/manifest_merge_blame_file/release/manifest-merger-blame-release-report.txt
1<?xml version="1.0" encoding="utf-8"?>
2<manifest xmlns:android="http://schemas.android.com/apk/res/android"
3    package="com.example.sales_navigator"
4    android:versionCode="1"
5    android:versionName="0.1.0" >
6
7    <uses-sdk
8        android:minSdkVersion="21"
9        android:targetSdkVersion="35" />
10    <!--
11         Required to query activities that can process text, see:
12         https://developer.android.com/training/package-visibility?hl=en and
13         https://developer.android.com/reference/android/content/Intent#ACTION_PROCESS_TEXT.
14
15         In particular, this is used by the Flutter engine in io.flutter.plugin.text.ProcessTextPlugin.
16    -->
17    <queries>
17-->src/main/AndroidManifest.xml:41:5-46:15
18        <intent>
18-->src/main/AndroidManifest.xml:42:9-45:18
19            <action android:name="android.intent.action.PROCESS_TEXT" />
19-->src/main/AndroidManifest.xml:43:13-72
19-->src/main/AndroidManifest.xml:43:21-70
20
21            <data android:mimeType="text/plain" />
21-->src/main/AndroidManifest.xml:44:13-50
21-->src/main/AndroidManifest.xml:44:19-48
22        </intent>
23    </queries>
24
25    <uses-permission android:name="android.permission.INTERNET" />
25-->src/main/AndroidManifest.xml:47:5-66
25-->src/main/AndroidManifest.xml:47:22-64
26    <uses-permission android:name="android.permission.WAKE_LOCK" />
26-->src/main/AndroidManifest.xml:48:5-68
26-->src/main/AndroidManifest.xml:48:22-65
27    <uses-permission android:name="android.permission.RECEIVE_BOOT_COMPLETED" />
27-->src/main/AndroidManifest.xml:49:5-80
27-->src/main/AndroidManifest.xml:49:22-78
28    <uses-permission android:name="android.permission.ACCESS_NETWORK_STATE" />
28-->src/main/AndroidManifest.xml:50:5-79
28-->src/main/AndroidManifest.xml:50:22-76
29    <uses-permission android:name="android.permission.VIBRATE" />
29-->src/main/AndroidManifest.xml:51:5-66
29-->src/main/AndroidManifest.xml:51:22-63
30    <uses-permission android:name="android.permission.CALL_PHONE" />
30-->src/main/AndroidManifest.xml:52:5-69
30-->src/main/AndroidManifest.xml:52:22-66
31    <!-- Permissions options for the `notification` group -->
32    <uses-permission android:name="android.permission.POST_NOTIFICATIONS" /> <!-- Required by older versions of Google Play services to create IID tokens -->
32-->[:firebase_messaging] AndroidManifest.xml:11:5-77
32-->[:firebase_messaging] AndroidManifest.xml:11:22-74
33    <uses-permission android:name="com.google.android.c2dm.permission.RECEIVE" />
33-->[com.google.firebase:firebase-messaging:24.1.0] AndroidManifest.xml:26:5-82
33-->[com.google.firebase:firebase-messaging:24.1.0] AndroidManifest.xml:26:22-79
34    <uses-permission android:name="com.google.android.gms.permission.AD_ID" />
34-->[com.google.android.gms:play-services-measurement-api:22.1.2] AndroidManifest.xml:25:5-79
34-->[com.google.android.gms:play-services-measurement-api:22.1.2] AndroidManifest.xml:25:22-76
35    <uses-permission android:name="android.permission.ACCESS_ADSERVICES_ATTRIBUTION" />
35-->[com.google.android.gms:play-services-measurement-api:22.1.2] AndroidManifest.xml:26:5-88
35-->[com.google.android.gms:play-services-measurement-api:22.1.2] AndroidManifest.xml:26:22-85
36    <uses-permission android:name="android.permission.ACCESS_ADSERVICES_AD_ID" />
36-->[com.google.android.gms:play-services-measurement-api:22.1.2] AndroidManifest.xml:27:5-82
36-->[com.google.android.gms:play-services-measurement-api:22.1.2] AndroidManifest.xml:27:22-79
37    <uses-permission android:name="android.permission.FOREGROUND_SERVICE" />
37-->[androidx.work:work-runtime:2.8.1] AndroidManifest.xml:26:5-77
37-->[androidx.work:work-runtime:2.8.1] AndroidManifest.xml:26:22-74
38    <uses-permission android:name="com.google.android.finsky.permission.BIND_GET_INSTALL_REFERRER_SERVICE" />
38-->[com.google.android.gms:play-services-measurement:22.1.2] AndroidManifest.xml:26:5-110
38-->[com.google.android.gms:play-services-measurement:22.1.2] AndroidManifest.xml:26:22-107
39
40    <permission
40-->[androidx.core:core:1.13.1] AndroidManifest.xml:22:5-24:47
41        android:name="com.example.sales_navigator.DYNAMIC_RECEIVER_NOT_EXPORTED_PERMISSION"
41-->[androidx.core:core:1.13.1] AndroidManifest.xml:23:9-81
42        android:protectionLevel="signature" />
42-->[androidx.core:core:1.13.1] AndroidManifest.xml:24:9-44
43
44    <uses-permission android:name="com.example.sales_navigator.DYNAMIC_RECEIVER_NOT_EXPORTED_PERMISSION" />
44-->[androidx.core:core:1.13.1] AndroidManifest.xml:26:5-97
44-->[androidx.core:core:1.13.1] AndroidManifest.xml:26:22-94
45
46    <application
47        android:name="android.app.Application"
47-->src/main/AndroidManifest.xml:4:9-42
48        android:appComponentFactory="androidx.core.app.CoreComponentFactory"
48-->[androidx.core:core:1.13.1] AndroidManifest.xml:28:18-86
49        android:extractNativeLibs="true"
50        android:icon="@mipmap/ic_launcher"
50-->src/main/AndroidManifest.xml:5:9-43
51        android:label="Sales Navigator" >
51-->src/main/AndroidManifest.xml:3:9-40
52        <activity
52-->src/main/AndroidManifest.xml:6:9-26:20
53            android:name="com.example.sales_navigator.MainActivity"
53-->src/main/AndroidManifest.xml:7:13-41
54            android:configChanges="orientation|keyboardHidden|keyboard|screenSize|smallestScreenSize|locale|layoutDirection|fontScale|screenLayout|density|uiMode"
54-->src/main/AndroidManifest.xml:11:13-163
55            android:exported="true"
55-->src/main/AndroidManifest.xml:8:13-36
56            android:hardwareAccelerated="true"
56-->src/main/AndroidManifest.xml:12:13-47
57            android:launchMode="singleTop"
57-->src/main/AndroidManifest.xml:9:13-43
58            android:theme="@style/LaunchTheme"
58-->src/main/AndroidManifest.xml:10:13-47
59            android:windowSoftInputMode="adjustResize" >
59-->src/main/AndroidManifest.xml:13:13-55
60
61            <!--
62                 Specifies an Android theme to apply to this Activity as soon as
63                 the Android process has started. This theme is visible to the user
64                 while the Flutter UI initializes. After that, this theme continues
65                 to determine the Window background behind the Flutter UI.
66            -->
67            <meta-data
67-->src/main/AndroidManifest.xml:18:13-21:17
68                android:name="io.flutter.embedding.android.NormalTheme"
68-->src/main/AndroidManifest.xml:19:15-70
69                android:resource="@style/NormalTheme" />
69-->src/main/AndroidManifest.xml:20:15-52
70
71            <intent-filter>
71-->src/main/AndroidManifest.xml:22:13-25:29
72                <action android:name="android.intent.action.MAIN" />
72-->src/main/AndroidManifest.xml:23:17-68
72-->src/main/AndroidManifest.xml:23:25-66
73
74                <category android:name="android.intent.category.LAUNCHER" />
74-->src/main/AndroidManifest.xml:24:17-76
74-->src/main/AndroidManifest.xml:24:27-74
75            </intent-filter>
76        </activity>
77
78        <meta-data
78-->src/main/AndroidManifest.xml:27:13-29:59
79            android:name="com.google.firebase.messaging.default_notification_channel_id"
79-->src/main/AndroidManifest.xml:28:17-93
80            android:value="high_importance_channel" />
80-->src/main/AndroidManifest.xml:29:17-56
81        <!--
82             Don't delete the meta-data below.
83             This is used by the Flutter tool to generate GeneratedPluginRegistrant.java
84        -->
85        <meta-data
85-->src/main/AndroidManifest.xml:32:9-34:33
86            android:name="flutterEmbedding"
86-->src/main/AndroidManifest.xml:33:13-44
87            android:value="2" />
87-->src/main/AndroidManifest.xml:34:13-30
88
89        <service
89-->[:firebase_messaging] AndroidManifest.xml:14:9-17:72
90            android:name="io.flutter.plugins.firebase.messaging.FlutterFirebaseMessagingBackgroundService"
90-->[:firebase_messaging] AndroidManifest.xml:15:13-107
91            android:exported="false"
91-->[:firebase_messaging] AndroidManifest.xml:16:13-37
92            android:permission="android.permission.BIND_JOB_SERVICE" />
92-->[:firebase_messaging] AndroidManifest.xml:17:13-69
93        <service
93-->[:firebase_messaging] AndroidManifest.xml:18:9-24:19
94            android:name="io.flutter.plugins.firebase.messaging.FlutterFirebaseMessagingService"
94-->[:firebase_messaging] AndroidManifest.xml:19:13-97
95            android:exported="false" >
95-->[:firebase_messaging] AndroidManifest.xml:20:13-37
96            <intent-filter>
96-->[:firebase_messaging] AndroidManifest.xml:21:13-23:29
97                <action android:name="com.google.firebase.MESSAGING_EVENT" />
97-->[:firebase_messaging] AndroidManifest.xml:22:17-78
97-->[:firebase_messaging] AndroidManifest.xml:22:25-75
98            </intent-filter>
99        </service>
100
101        <receiver
101-->[:firebase_messaging] AndroidManifest.xml:26:9-33:20
102            android:name="io.flutter.plugins.firebase.messaging.FlutterFirebaseMessagingReceiver"
102-->[:firebase_messaging] AndroidManifest.xml:27:13-98
103            android:exported="true"
103-->[:firebase_messaging] AndroidManifest.xml:28:13-36
104            android:permission="com.google.android.c2dm.permission.SEND" >
104-->[:firebase_messaging] AndroidManifest.xml:29:13-73
105            <intent-filter>
105-->[:firebase_messaging] AndroidManifest.xml:30:13-32:29
106                <action android:name="com.google.android.c2dm.intent.RECEIVE" />
106-->[:firebase_messaging] AndroidManifest.xml:31:17-81
106-->[:firebase_messaging] AndroidManifest.xml:31:25-78
107            </intent-filter>
108        </receiver>
109
110        <service
110-->[:firebase_messaging] AndroidManifest.xml:35:9-39:19
111            android:name="com.google.firebase.components.ComponentDiscoveryService"
111-->[:firebase_messaging] AndroidManifest.xml:35:18-89
112            android:directBootAware="true"
112-->[com.google.firebase:firebase-common:21.0.0] AndroidManifest.xml:32:13-43
113            android:exported="false" >
113-->[com.google.firebase:firebase-messaging:24.1.0] AndroidManifest.xml:56:13-37
114            <meta-data
114-->[:firebase_messaging] AndroidManifest.xml:36:13-38:85
115                android:name="com.google.firebase.components:io.flutter.plugins.firebase.messaging.FlutterFirebaseAppRegistrar"
115-->[:firebase_messaging] AndroidManifest.xml:37:17-128
116                android:value="com.google.firebase.components.ComponentRegistrar" />
116-->[:firebase_messaging] AndroidManifest.xml:38:17-82
117            <meta-data
117-->[:firebase_core] AndroidManifest.xml:9:13-11:85
118                android:name="com.google.firebase.components:io.flutter.plugins.firebase.core.FlutterFirebaseCoreRegistrar"
118-->[:firebase_core] AndroidManifest.xml:10:17-124
119                android:value="com.google.firebase.components.ComponentRegistrar" />
119-->[:firebase_core] AndroidManifest.xml:11:17-82
120            <meta-data
120-->[com.google.firebase:firebase-messaging:24.1.0] AndroidManifest.xml:57:13-59:85
121                android:name="com.google.firebase.components:com.google.firebase.messaging.FirebaseMessagingKtxRegistrar"
121-->[com.google.firebase:firebase-messaging:24.1.0] AndroidManifest.xml:58:17-122
122                android:value="com.google.firebase.components.ComponentRegistrar" />
122-->[com.google.firebase:firebase-messaging:24.1.0] AndroidManifest.xml:59:17-82
123            <meta-data
123-->[com.google.firebase:firebase-messaging:24.1.0] AndroidManifest.xml:60:13-62:85
124                android:name="com.google.firebase.components:com.google.firebase.messaging.FirebaseMessagingRegistrar"
124-->[com.google.firebase:firebase-messaging:24.1.0] AndroidManifest.xml:61:17-119
125                android:value="com.google.firebase.components.ComponentRegistrar" />
125-->[com.google.firebase:firebase-messaging:24.1.0] AndroidManifest.xml:62:17-82
126            <meta-data
126-->[com.google.android.gms:play-services-measurement-api:22.1.2] AndroidManifest.xml:37:13-39:85
127                android:name="com.google.firebase.components:com.google.firebase.analytics.connector.internal.AnalyticsConnectorRegistrar"
127-->[com.google.android.gms:play-services-measurement-api:22.1.2] AndroidManifest.xml:38:17-139
128                android:value="com.google.firebase.components.ComponentRegistrar" />
128-->[com.google.android.gms:play-services-measurement-api:22.1.2] AndroidManifest.xml:39:17-82
129            <meta-data
129-->[com.google.firebase:firebase-installations:18.0.0] AndroidManifest.xml:15:13-17:85
130                android:name="com.google.firebase.components:com.google.firebase.installations.FirebaseInstallationsKtxRegistrar"
130-->[com.google.firebase:firebase-installations:18.0.0] AndroidManifest.xml:16:17-130
131                android:value="com.google.firebase.components.ComponentRegistrar" />
131-->[com.google.firebase:firebase-installations:18.0.0] AndroidManifest.xml:17:17-82
132            <meta-data
132-->[com.google.firebase:firebase-installations:18.0.0] AndroidManifest.xml:18:13-20:85
133                android:name="com.google.firebase.components:com.google.firebase.installations.FirebaseInstallationsRegistrar"
133-->[com.google.firebase:firebase-installations:18.0.0] AndroidManifest.xml:19:17-127
134                android:value="com.google.firebase.components.ComponentRegistrar" />
134-->[com.google.firebase:firebase-installations:18.0.0] AndroidManifest.xml:20:17-82
135            <meta-data
135-->[com.google.firebase:firebase-common-ktx:21.0.0] AndroidManifest.xml:12:13-14:85
136                android:name="com.google.firebase.components:com.google.firebase.ktx.FirebaseCommonLegacyRegistrar"
136-->[com.google.firebase:firebase-common-ktx:21.0.0] AndroidManifest.xml:13:17-116
137                android:value="com.google.firebase.components.ComponentRegistrar" />
137-->[com.google.firebase:firebase-common-ktx:21.0.0] AndroidManifest.xml:14:17-82
138            <meta-data
138-->[com.google.firebase:firebase-common:21.0.0] AndroidManifest.xml:35:13-37:85
139                android:name="com.google.firebase.components:com.google.firebase.FirebaseCommonKtxRegistrar"
139-->[com.google.firebase:firebase-common:21.0.0] AndroidManifest.xml:36:17-109
140                android:value="com.google.firebase.components.ComponentRegistrar" />
140-->[com.google.firebase:firebase-common:21.0.0] AndroidManifest.xml:37:17-82
141            <meta-data
141-->[com.google.firebase:firebase-datatransport:18.2.0] AndroidManifest.xml:25:13-27:85
142                android:name="com.google.firebase.components:com.google.firebase.datatransport.TransportRegistrar"
142-->[com.google.firebase:firebase-datatransport:18.2.0] AndroidManifest.xml:26:17-115
143                android:value="com.google.firebase.components.ComponentRegistrar" />
143-->[com.google.firebase:firebase-datatransport:18.2.0] AndroidManifest.xml:27:17-82
144        </service>
145
146        <provider
146-->[:firebase_messaging] AndroidManifest.xml:41:9-45:38
147            android:name="io.flutter.plugins.firebase.messaging.FlutterFirebaseMessagingInitProvider"
147-->[:firebase_messaging] AndroidManifest.xml:42:13-102
148            android:authorities="com.example.sales_navigator.flutterfirebasemessaginginitprovider"
148-->[:firebase_messaging] AndroidManifest.xml:43:13-88
149            android:exported="false"
149-->[:firebase_messaging] AndroidManifest.xml:44:13-37
150            android:initOrder="99" />
150-->[:firebase_messaging] AndroidManifest.xml:45:13-35
151
152        <activity
152-->[:url_launcher_android] AndroidManifest.xml:8:9-11:74
153            android:name="io.flutter.plugins.urllauncher.WebViewActivity"
153-->[:url_launcher_android] AndroidManifest.xml:9:13-74
154            android:exported="false"
154-->[:url_launcher_android] AndroidManifest.xml:10:13-37
155            android:theme="@android:style/Theme.NoTitleBar.Fullscreen" />
155-->[:url_launcher_android] AndroidManifest.xml:11:13-71
156
157        <receiver
157-->[com.google.firebase:firebase-messaging:24.1.0] AndroidManifest.xml:29:9-40:20
158            android:name="com.google.firebase.iid.FirebaseInstanceIdReceiver"
158-->[com.google.firebase:firebase-messaging:24.1.0] AndroidManifest.xml:30:13-78
159            android:exported="true"
159-->[com.google.firebase:firebase-messaging:24.1.0] AndroidManifest.xml:31:13-36
160            android:permission="com.google.android.c2dm.permission.SEND" >
160-->[com.google.firebase:firebase-messaging:24.1.0] AndroidManifest.xml:32:13-73
161            <intent-filter>
161-->[:firebase_messaging] AndroidManifest.xml:30:13-32:29
162                <action android:name="com.google.android.c2dm.intent.RECEIVE" />
162-->[:firebase_messaging] AndroidManifest.xml:31:17-81
162-->[:firebase_messaging] AndroidManifest.xml:31:25-78
163            </intent-filter>
164
165            <meta-data
165-->[com.google.firebase:firebase-messaging:24.1.0] AndroidManifest.xml:37:13-39:40
166                android:name="com.google.android.gms.cloudmessaging.FINISHED_AFTER_HANDLED"
166-->[com.google.firebase:firebase-messaging:24.1.0] AndroidManifest.xml:38:17-92
167                android:value="true" />
167-->[com.google.firebase:firebase-messaging:24.1.0] AndroidManifest.xml:39:17-37
168        </receiver>
169        <!--
170             FirebaseMessagingService performs security checks at runtime,
171             but set to not exported to explicitly avoid allowing another app to call it.
172        -->
173        <service
173-->[com.google.firebase:firebase-messaging:24.1.0] AndroidManifest.xml:46:9-53:19
174            android:name="com.google.firebase.messaging.FirebaseMessagingService"
174-->[com.google.firebase:firebase-messaging:24.1.0] AndroidManifest.xml:47:13-82
175            android:directBootAware="true"
175-->[com.google.firebase:firebase-messaging:24.1.0] AndroidManifest.xml:48:13-43
176            android:exported="false" >
176-->[com.google.firebase:firebase-messaging:24.1.0] AndroidManifest.xml:49:13-37
177            <intent-filter android:priority="-500" >
177-->[:firebase_messaging] AndroidManifest.xml:21:13-23:29
178                <action android:name="com.google.firebase.MESSAGING_EVENT" />
178-->[:firebase_messaging] AndroidManifest.xml:22:17-78
178-->[:firebase_messaging] AndroidManifest.xml:22:25-75
179            </intent-filter>
180        </service>
181
182        <property
182-->[com.google.android.gms:play-services-measurement-api:22.1.2] AndroidManifest.xml:30:9-32:61
183            android:name="android.adservices.AD_SERVICES_CONFIG"
183-->[com.google.android.gms:play-services-measurement-api:22.1.2] AndroidManifest.xml:31:13-65
184            android:resource="@xml/ga_ad_services_config" />
184-->[com.google.android.gms:play-services-measurement-api:22.1.2] AndroidManifest.xml:32:13-58
185
186        <provider
186-->[androidx.work:work-runtime:2.8.1] AndroidManifest.xml:29:9-37:20
187            android:name="androidx.startup.InitializationProvider"
187-->[androidx.work:work-runtime:2.8.1] AndroidManifest.xml:30:13-67
188            android:authorities="com.example.sales_navigator.androidx-startup"
188-->[androidx.work:work-runtime:2.8.1] AndroidManifest.xml:31:13-68
189            android:exported="false" >
189-->[androidx.work:work-runtime:2.8.1] AndroidManifest.xml:32:13-37
190            <meta-data
190-->[androidx.work:work-runtime:2.8.1] AndroidManifest.xml:34:13-36:52
191                android:name="androidx.work.WorkManagerInitializer"
191-->[androidx.work:work-runtime:2.8.1] AndroidManifest.xml:35:17-68
192                android:value="androidx.startup" />
192-->[androidx.work:work-runtime:2.8.1] AndroidManifest.xml:36:17-49
193            <meta-data
193-->[androidx.lifecycle:lifecycle-process:2.7.0] AndroidManifest.xml:29:13-31:52
194                android:name="androidx.lifecycle.ProcessLifecycleInitializer"
194-->[androidx.lifecycle:lifecycle-process:2.7.0] AndroidManifest.xml:30:17-78
195                android:value="androidx.startup" />
195-->[androidx.lifecycle:lifecycle-process:2.7.0] AndroidManifest.xml:31:17-49
196            <meta-data
196-->[androidx.profileinstaller:profileinstaller:1.3.1] AndroidManifest.xml:29:13-31:52
197                android:name="androidx.profileinstaller.ProfileInstallerInitializer"
197-->[androidx.profileinstaller:profileinstaller:1.3.1] AndroidManifest.xml:30:17-85
198                android:value="androidx.startup" />
198-->[androidx.profileinstaller:profileinstaller:1.3.1] AndroidManifest.xml:31:17-49
199        </provider>
200
201        <service
201-->[androidx.work:work-runtime:2.8.1] AndroidManifest.xml:39:9-45:35
202            android:name="androidx.work.impl.background.systemalarm.SystemAlarmService"
202-->[androidx.work:work-runtime:2.8.1] AndroidManifest.xml:40:13-88
203            android:directBootAware="false"
203-->[androidx.work:work-runtime:2.8.1] AndroidManifest.xml:41:13-44
204            android:enabled="@bool/enable_system_alarm_service_default"
204-->[androidx.work:work-runtime:2.8.1] AndroidManifest.xml:42:13-72
205            android:exported="false" />
205-->[androidx.work:work-runtime:2.8.1] AndroidManifest.xml:43:13-37
206        <service
206-->[androidx.work:work-runtime:2.8.1] AndroidManifest.xml:46:9-52:35
207            android:name="androidx.work.impl.background.systemjob.SystemJobService"
207-->[androidx.work:work-runtime:2.8.1] AndroidManifest.xml:47:13-84
208            android:directBootAware="false"
208-->[androidx.work:work-runtime:2.8.1] AndroidManifest.xml:48:13-44
209            android:enabled="@bool/enable_system_job_service_default"
209-->[androidx.work:work-runtime:2.8.1] AndroidManifest.xml:49:13-70
210            android:exported="true"
210-->[androidx.work:work-runtime:2.8.1] AndroidManifest.xml:50:13-36
211            android:permission="android.permission.BIND_JOB_SERVICE" />
211-->[androidx.work:work-runtime:2.8.1] AndroidManifest.xml:51:13-69
212        <service
212-->[androidx.work:work-runtime:2.8.1] AndroidManifest.xml:53:9-59:35
213            android:name="androidx.work.impl.foreground.SystemForegroundService"
213-->[androidx.work:work-runtime:2.8.1] AndroidManifest.xml:54:13-81
214            android:directBootAware="false"
214-->[androidx.work:work-runtime:2.8.1] AndroidManifest.xml:55:13-44
215            android:enabled="@bool/enable_system_foreground_service_default"
215-->[androidx.work:work-runtime:2.8.1] AndroidManifest.xml:56:13-77
216            android:exported="false" />
216-->[androidx.work:work-runtime:2.8.1] AndroidManifest.xml:57:13-37
217
218        <receiver
218-->[androidx.work:work-runtime:2.8.1] AndroidManifest.xml:61:9-66:35
219            android:name="androidx.work.impl.utils.ForceStopRunnable$BroadcastReceiver"
219-->[androidx.work:work-runtime:2.8.1] AndroidManifest.xml:62:13-88
220            android:directBootAware="false"
220-->[androidx.work:work-runtime:2.8.1] AndroidManifest.xml:63:13-44
221            android:enabled="true"
221-->[androidx.work:work-runtime:2.8.1] AndroidManifest.xml:64:13-35
222            android:exported="false" />
222-->[androidx.work:work-runtime:2.8.1] AndroidManifest.xml:65:13-37
223        <receiver
223-->[androidx.work:work-runtime:2.8.1] AndroidManifest.xml:67:9-77:20
224            android:name="androidx.work.impl.background.systemalarm.ConstraintProxy$BatteryChargingProxy"
224-->[androidx.work:work-runtime:2.8.1] AndroidManifest.xml:68:13-106
225            android:directBootAware="false"
225-->[androidx.work:work-runtime:2.8.1] AndroidManifest.xml:69:13-44
226            android:enabled="false"
226-->[androidx.work:work-runtime:2.8.1] AndroidManifest.xml:70:13-36
227            android:exported="false" >
227-->[androidx.work:work-runtime:2.8.1] AndroidManifest.xml:71:13-37
228            <intent-filter>
228-->[androidx.work:work-runtime:2.8.1] AndroidManifest.xml:73:13-76:29
229                <action android:name="android.intent.action.ACTION_POWER_CONNECTED" />
229-->[androidx.work:work-runtime:2.8.1] AndroidManifest.xml:74:17-87
229-->[androidx.work:work-runtime:2.8.1] AndroidManifest.xml:74:25-84
230                <action android:name="android.intent.action.ACTION_POWER_DISCONNECTED" />
230-->[androidx.work:work-runtime:2.8.1] AndroidManifest.xml:75:17-90
230-->[androidx.work:work-runtime:2.8.1] AndroidManifest.xml:75:25-87
231            </intent-filter>
232        </receiver>
233        <receiver
233-->[androidx.work:work-runtime:2.8.1] AndroidManifest.xml:78:9-88:20
234            android:name="androidx.work.impl.background.systemalarm.ConstraintProxy$BatteryNotLowProxy"
234-->[androidx.work:work-runtime:2.8.1] AndroidManifest.xml:79:13-104
235            android:directBootAware="false"
235-->[androidx.work:work-runtime:2.8.1] AndroidManifest.xml:80:13-44
236            android:enabled="false"
236-->[androidx.work:work-runtime:2.8.1] AndroidManifest.xml:81:13-36
237            android:exported="false" >
237-->[androidx.work:work-runtime:2.8.1] AndroidManifest.xml:82:13-37
238            <intent-filter>
238-->[androidx.work:work-runtime:2.8.1] AndroidManifest.xml:84:13-87:29
239                <action android:name="android.intent.action.BATTERY_OKAY" />
239-->[androidx.work:work-runtime:2.8.1] AndroidManifest.xml:85:17-77
239-->[androidx.work:work-runtime:2.8.1] AndroidManifest.xml:85:25-74
240                <action android:name="android.intent.action.BATTERY_LOW" />
240-->[androidx.work:work-runtime:2.8.1] AndroidManifest.xml:86:17-76
240-->[androidx.work:work-runtime:2.8.1] AndroidManifest.xml:86:25-73
241            </intent-filter>
242        </receiver>
243        <receiver
243-->[androidx.work:work-runtime:2.8.1] AndroidManifest.xml:89:9-99:20
244            android:name="androidx.work.impl.background.systemalarm.ConstraintProxy$StorageNotLowProxy"
244-->[androidx.work:work-runtime:2.8.1] AndroidManifest.xml:90:13-104
245            android:directBootAware="false"
245-->[androidx.work:work-runtime:2.8.1] AndroidManifest.xml:91:13-44
246            android:enabled="false"
246-->[androidx.work:work-runtime:2.8.1] AndroidManifest.xml:92:13-36
247            android:exported="false" >
247-->[androidx.work:work-runtime:2.8.1] AndroidManifest.xml:93:13-37
248            <intent-filter>
248-->[androidx.work:work-runtime:2.8.1] AndroidManifest.xml:95:13-98:29
249                <action android:name="android.intent.action.DEVICE_STORAGE_LOW" />
249-->[androidx.work:work-runtime:2.8.1] AndroidManifest.xml:96:17-83
249-->[androidx.work:work-runtime:2.8.1] AndroidManifest.xml:96:25-80
250                <action android:name="android.intent.action.DEVICE_STORAGE_OK" />
250-->[androidx.work:work-runtime:2.8.1] AndroidManifest.xml:97:17-82
250-->[androidx.work:work-runtime:2.8.1] AndroidManifest.xml:97:25-79
251            </intent-filter>
252        </receiver>
253        <receiver
253-->[androidx.work:work-runtime:2.8.1] AndroidManifest.xml:100:9-109:20
254            android:name="androidx.work.impl.background.systemalarm.ConstraintProxy$NetworkStateProxy"
254-->[androidx.work:work-runtime:2.8.1] AndroidManifest.xml:101:13-103
255            android:directBootAware="false"
255-->[androidx.work:work-runtime:2.8.1] AndroidManifest.xml:102:13-44
256            android:enabled="false"
256-->[androidx.work:work-runtime:2.8.1] AndroidManifest.xml:103:13-36
257            android:exported="false" >
257-->[androidx.work:work-runtime:2.8.1] AndroidManifest.xml:104:13-37
258            <intent-filter>
258-->[androidx.work:work-runtime:2.8.1] AndroidManifest.xml:106:13-108:29
259                <action android:name="android.net.conn.CONNECTIVITY_CHANGE" />
259-->[androidx.work:work-runtime:2.8.1] AndroidManifest.xml:107:17-79
259-->[androidx.work:work-runtime:2.8.1] AndroidManifest.xml:107:25-76
260            </intent-filter>
261        </receiver>
262        <receiver
262-->[androidx.work:work-runtime:2.8.1] AndroidManifest.xml:110:9-121:20
263            android:name="androidx.work.impl.background.systemalarm.RescheduleReceiver"
263-->[androidx.work:work-runtime:2.8.1] AndroidManifest.xml:111:13-88
264            android:directBootAware="false"
264-->[androidx.work:work-runtime:2.8.1] AndroidManifest.xml:112:13-44
265            android:enabled="false"
265-->[androidx.work:work-runtime:2.8.1] AndroidManifest.xml:113:13-36
266            android:exported="false" >
266-->[androidx.work:work-runtime:2.8.1] AndroidManifest.xml:114:13-37
267            <intent-filter>
267-->[androidx.work:work-runtime:2.8.1] AndroidManifest.xml:116:13-120:29
268                <action android:name="android.intent.action.BOOT_COMPLETED" />
268-->[androidx.work:work-runtime:2.8.1] AndroidManifest.xml:117:17-79
268-->[androidx.work:work-runtime:2.8.1] AndroidManifest.xml:117:25-76
269                <action android:name="android.intent.action.TIME_SET" />
269-->[androidx.work:work-runtime:2.8.1] AndroidManifest.xml:118:17-73
269-->[androidx.work:work-runtime:2.8.1] AndroidManifest.xml:118:25-70
270                <action android:name="android.intent.action.TIMEZONE_CHANGED" />
270-->[androidx.work:work-runtime:2.8.1] AndroidManifest.xml:119:17-81
270-->[androidx.work:work-runtime:2.8.1] AndroidManifest.xml:119:25-78
271            </intent-filter>
272        </receiver>
273        <receiver
273-->[androidx.work:work-runtime:2.8.1] AndroidManifest.xml:122:9-131:20
274            android:name="androidx.work.impl.background.systemalarm.ConstraintProxyUpdateReceiver"
274-->[androidx.work:work-runtime:2.8.1] AndroidManifest.xml:123:13-99
275            android:directBootAware="false"
275-->[androidx.work:work-runtime:2.8.1] AndroidManifest.xml:124:13-44
276            android:enabled="@bool/enable_system_alarm_service_default"
276-->[androidx.work:work-runtime:2.8.1] AndroidManifest.xml:125:13-72
277            android:exported="false" >